<?xml version="1.0" encoding="UTF-8"?>
  <testsuite name="e2e Suite" tests="9" failures="9" errors="0" time="8.291">
      <testcase name="Installer test Set up guard for individual auth provider Setting up guard for github Set up guard for github should be successful" classname="e2e Suite" time="0.260095834">
          <failure type="Failure">/Users/tamal/go/src/go.kubeguard.dev/guard/test/e2e/installer_test.go:333&#xA;Unexpected error:&#xA;    &lt;*errors.fundamental | 0x14000694ae0&gt;: {&#xA;        msg: &#34;CA certificates not found in test-guard/certs/pki. Run `guard init ca`&#34;,&#xA;        stack: [0x1018036fc, 0x101804fe8, 0x10180651c, 0x10181034c, 0x10180dde4, 0x10157f180, 0x10157ecfc, 0x10157e078, 0x101583b34, 0x1015835e0, 0x10158dd38, 0x10158dac0, 0x10158d2c8, 0x10158f52c, 0x10159b1f4, 0x10159b000, 0x101809118, 0x10056e5b4, 0x1004aa334],&#xA;    }&#xA;    CA certificates not found in test-guard/certs/pki. Run `guard init ca`&#xA;occurred&#xA;/Users/tamal/go/src/go.kubeguard.dev/guard/test/e2e/installer_test.go:137</failure>
          <system-out>�[1mSTEP�[0m: Setting up certificates&#xA;�[1mSTEP�[0m: Checking service Deleted. service name: guard&#xA;�[1mSTEP�[0m: Checking deployment Deleted. deployment name: guard&#xA;�[1mSTEP�[0m: Checking cluster role binding Deleted.&#xA;�[1mSTEP�[0m: Checking cluster role Deleted.&#xA;�[1mSTEP�[0m: Checking pod Deleted.&#xA;�[1mSTEP�[0m: Checking secret Deleted. secret name: guard-pki&#xA;�[1mSTEP�[0m: Validate installer flag options&#xA;�[1mSTEP�[0m: Generating installer yaml&#xA;</system-out>
      </testcase>
      <testcase name="Installer test Set up guard for individual auth provider Setting up guard for github Set up guard for github should be successful, provided base url" classname="e2e Suite" time="0.046963375">
          <failure type="Failure">/Users/tamal/go/src/go.kubeguard.dev/guard/test/e2e/installer_test.go:344&#xA;Unexpected error:&#xA;    &lt;*errors.fundamental | 0x1400000eba0&gt;: {&#xA;        msg: &#34;CA certificates not found in test-guard/certs/pki. Run `guard init ca`&#34;,&#xA;        stack: [0x1018036fc, 0x101804fe8, 0x10180651c, 0x10181034c, 0x10180dccc, 0x10157f180, 0x10157ecfc, 0x10157e078, 0x101583b34, 0x1015835e0, 0x10158dd38, 0x10158dac0, 0x10158d2c8, 0x10158f52c, 0x10159b1f4, 0x10159b000, 0x101809118, 0x10056e5b4, 0x1004aa334],&#xA;    }&#xA;    CA certificates not found in test-guard/certs/pki. Run `guard init ca`&#xA;occurred&#xA;/Users/tamal/go/src/go.kubeguard.dev/guard/test/e2e/installer_test.go:137</failure>
          <system-out>�[1mSTEP�[0m: Setting up certificates&#xA;�[1mSTEP�[0m: Checking service Deleted. service name: guard&#xA;�[1mSTEP�[0m: Checking deployment Deleted. deployment name: guard&#xA;�[1mSTEP�[0m: Checking cluster role binding Deleted.&#xA;�[1mSTEP�[0m: Checking cluster role Deleted.&#xA;�[1mSTEP�[0m: Checking pod Deleted.&#xA;�[1mSTEP�[0m: Checking secret Deleted. secret name: guard-pki&#xA;�[1mSTEP�[0m: Validate installer flag options&#xA;�[1mSTEP�[0m: Generating installer yaml&#xA;</system-out>
      </testcase>
      <testcase name="Installer test Set up guard for individual auth provider Setting up guard for gitlab Set up guard for gitlab should be successful" classname="e2e Suite" time="0.462153958">
          <failure type="Failure">/Users/tamal/go/src/go.kubeguard.dev/guard/test/e2e/installer_test.go:363&#xA;Unexpected error:&#xA;    &lt;*errors.fundamental | 0x140006e9500&gt;: {&#xA;        msg: &#34;CA certificates not found in test-guard/certs/pki. Run `guard init ca`&#34;,&#xA;        stack: [0x1018036fc, 0x101804fe8, 0x10180651c, 0x10181034c, 0x10180d7a4, 0x10157f180, 0x10157ecfc, 0x10157e078, 0x101583b34, 0x1015835e0, 0x10158dd38, 0x10158dac0, 0x10158d2c8, 0x10158f52c, 0x10159b1f4, 0x10159b000, 0x101809118, 0x10056e5b4, 0x1004aa334],&#xA;    }&#xA;    CA certificates not found in test-guard/certs/pki. Run `guard init ca`&#xA;occurred&#xA;/Users/tamal/go/src/go.kubeguard.dev/guard/test/e2e/installer_test.go:137</failure>
          <system-out>�[1mSTEP�[0m: Setting up certificates&#xA;�[1mSTEP�[0m: Checking service Deleted. service name: guard&#xA;�[1mSTEP�[0m: Checking deployment Deleted. deployment name: guard&#xA;�[1mSTEP�[0m: Checking cluster role binding Deleted.&#xA;�[1mSTEP�[0m: Checking cluster role Deleted.&#xA;�[1mSTEP�[0m: Checking pod Deleted.&#xA;�[1mSTEP�[0m: Checking secret Deleted. secret name: guard-pki&#xA;�[1mSTEP�[0m: Validate installer flag options&#xA;�[1mSTEP�[0m: Generating installer yaml&#xA;</system-out>
      </testcase>
      <testcase name="Installer test Set up guard for individual auth provider Setting up guard for gitlab Set up guard for gitlab should be successful, provided base url" classname="e2e Suite" time="0.799711708">
          <failure type="Failure">/Users/tamal/go/src/go.kubeguard.dev/guard/test/e2e/installer_test.go:374&#xA;Unexpected error:&#xA;    &lt;*errors.fundamental | 0x140008d77b8&gt;: {&#xA;        msg: &#34;CA certificates not found in test-guard/certs/pki. Run `guard init ca`&#34;,&#xA;        stack: [0x1018036fc, 0x101804fe8, 0x10180651c, 0x10181034c, 0x10180d684, 0x10157f180, 0x10157ecfc, 0x10157e078, 0x101583b34, 0x1015835e0, 0x10158dd38, 0x10158dac0, 0x10158d2c8, 0x10158f52c, 0x10159b1f4, 0x10159b000, 0x101809118, 0x10056e5b4, 0x1004aa334],&#xA;    }&#xA;    CA certificates not found in test-guard/certs/pki. Run `guard init ca`&#xA;occurred&#xA;/Users/tamal/go/src/go.kubeguard.dev/guard/test/e2e/installer_test.go:137</failure>
          <system-out>�[1mSTEP�[0m: Setting up certificates&#xA;�[1mSTEP�[0m: Checking service Deleted. service name: guard&#xA;�[1mSTEP�[0m: Checking deployment Deleted. deployment name: guard&#xA;�[1mSTEP�[0m: Checking cluster role binding Deleted.&#xA;�[1mSTEP�[0m: Checking cluster role Deleted.&#xA;�[1mSTEP�[0m: Checking pod Deleted.&#xA;�[1mSTEP�[0m: Checking secret Deleted. secret name: guard-pki&#xA;�[1mSTEP�[0m: Validate installer flag options&#xA;�[1mSTEP�[0m: Generating installer yaml&#xA;</system-out>
      </testcase>
      <testcase name="Installer test Set up guard for individual auth provider Setting up guard for azure Set up guard for azure should be successful" classname="e2e Suite" time="1.19730275">
          <failure type="Failure">/Users/tamal/go/src/go.kubeguard.dev/guard/test/e2e/installer_test.go:400&#xA;Unexpected error:&#xA;    &lt;errors.aggregate | len:1, cap:1&gt;: [&#xA;        &lt;*errors.fundamental | 0x1400000e2d0&gt;{&#xA;            msg: &#34;invalid azure.auth-mode. valid value is either aks, obo, client-credential or passthrough&#34;,&#xA;            stack: [0x10176b5b5, 0x101807048, 0x10181028c, 0x10180d034, 0x10157f180, 0x10157ecfc, 0x10157e078, 0x101583b34, 0x1015835e0, 0x10158dd38, 0x10158dac0, 0x10158d2c8, 0x10158f52c, 0x10159b1f4, 0x10159b000, 0x101809118, 0x10056e5b4, 0x1004aa334],&#xA;        },&#xA;    ]&#xA;    invalid azure.auth-mode. valid value is either aks, obo, client-credential or passthrough&#xA;occurred&#xA;/Users/tamal/go/src/go.kubeguard.dev/guard/test/e2e/installer_test.go:133</failure>
          <system-out>�[1mSTEP�[0m: Setting up certificates&#xA;�[1mSTEP�[0m: Checking service Deleted. service name: guard&#xA;�[1mSTEP�[0m: Checking deployment Deleted. deployment name: guard&#xA;�[1mSTEP�[0m: Checking cluster role binding Deleted.&#xA;�[1mSTEP�[0m: Checking cluster role Deleted.&#xA;�[1mSTEP�[0m: Checking pod Deleted.&#xA;�[1mSTEP�[0m: Checking secret Deleted. secret name: guard-pki&#xA;�[1mSTEP�[0m: Checking secret Deleted. secret name: guard-azure-auth&#xA;�[1mSTEP�[0m: Validate installer flag options&#xA;</system-out>
      </testcase>
      <testcase name="Installer test Set up guard for individual auth provider Setting up guard for LDAP Set up guard for LDAP should be successful" classname="e2e Suite" time="1.197234916">
          <failure type="Failure">/Users/tamal/go/src/go.kubeguard.dev/guard/test/e2e/installer_test.go:426&#xA;Unexpected error:&#xA;    &lt;*errors.fundamental | 0x140008d62b8&gt;: {&#xA;        msg: &#34;CA certificates not found in test-guard/certs/pki. Run `guard init ca`&#34;,&#xA;        stack: [0x1018036fc, 0x101804fe8, 0x10180651c, 0x10181034c, 0x10180cae4, 0x10157f180, 0x10157ecfc, 0x10157e078, 0x101583b34, 0x1015835e0, 0x10158dd38, 0x10158dac0, 0x10158d2c8, 0x10158f52c, 0x10159b1f4, 0x10159b000, 0x101809118, 0x10056e5b4, 0x1004aa334],&#xA;    }&#xA;    CA certificates not found in test-guard/certs/pki. Run `guard init ca`&#xA;occurred&#xA;/Users/tamal/go/src/go.kubeguard.dev/guard/test/e2e/installer_test.go:137</failure>
          <system-out>�[1mSTEP�[0m: Setting up certificates&#xA;�[1mSTEP�[0m: Checking service Deleted. service name: guard&#xA;�[1mSTEP�[0m: Checking deployment Deleted. deployment name: guard&#xA;�[1mSTEP�[0m: Checking cluster role binding Deleted.&#xA;�[1mSTEP�[0m: Checking cluster role Deleted.&#xA;�[1mSTEP�[0m: Checking pod Deleted.&#xA;�[1mSTEP�[0m: Checking secret Deleted. secret name: guard-pki&#xA;�[1mSTEP�[0m: Checking secret Deleted. secret name: guard-ldap-auth&#xA;�[1mSTEP�[0m: Validate installer flag options&#xA;�[1mSTEP�[0m: Generating installer yaml&#xA;</system-out>
      </testcase>
      <testcase name="Installer test Set up guard for individual auth provider Setting up guard for token auth Set up guard for token auth should be successful" classname="e2e Suite" time="1.198755375">
          <failure type="Failure">/Users/tamal/go/src/go.kubeguard.dev/guard/test/e2e/installer_test.go:459&#xA;Unexpected error:&#xA;    &lt;*errors.fundamental | 0x1400000f350&gt;: {&#xA;        msg: &#34;CA certificates not found in test-guard/certs/pki. Run `guard init ca`&#34;,&#xA;        stack: [0x1018036fc, 0x101804fe8, 0x10180651c, 0x10181034c, 0x10180c3b4, 0x10157f180, 0x10157ecfc, 0x10157e078, 0x101583b34, 0x1015835e0, 0x10158dd38, 0x10158dac0, 0x10158d2c8, 0x10158f52c, 0x10159b1f4, 0x10159b000, 0x101809118, 0x10056e5b4, 0x1004aa334],&#xA;    }&#xA;    CA certificates not found in test-guard/certs/pki. Run `guard init ca`&#xA;occurred&#xA;/Users/tamal/go/src/go.kubeguard.dev/guard/test/e2e/installer_test.go:137</failure>
          <system-out>�[1mSTEP�[0m: Setting up certificates&#xA;�[1mSTEP�[0m: Checking service Deleted. service name: guard&#xA;�[1mSTEP�[0m: Checking deployment Deleted. deployment name: guard&#xA;�[1mSTEP�[0m: Checking cluster role binding Deleted.&#xA;�[1mSTEP�[0m: Checking cluster role Deleted.&#xA;�[1mSTEP�[0m: Checking pod Deleted.&#xA;�[1mSTEP�[0m: Checking secret Deleted. secret name: guard-pki&#xA;�[1mSTEP�[0m: Checking secret Deleted. secret name: guard-token-auth&#xA;�[1mSTEP�[0m: Validate installer flag options&#xA;�[1mSTEP�[0m: Generating installer yaml&#xA;</system-out>
      </testcase>
      <testcase name="Installer test Set up guard for individual auth provider Setting up guard for google Set up guard for google should be successful" classname="e2e Suite" time="1.201264542">
          <failure type="Failure">/Users/tamal/go/src/go.kubeguard.dev/guard/test/e2e/installer_test.go:493&#xA;Unexpected error:&#xA;    &lt;*errors.fundamental | 0x1400000ede0&gt;: {&#xA;        msg: &#34;CA certificates not found in test-guard/certs/pki. Run `guard init ca`&#34;,&#xA;        stack: [0x1018036fc, 0x101804fe8, 0x10180651c, 0x10181034c, 0x10180bc24, 0x10157f180, 0x10157ecfc, 0x10157e078, 0x101583b34, 0x1015835e0, 0x10158dd38, 0x10158dac0, 0x10158d2c8, 0x10158f52c, 0x10159b1f4, 0x10159b000, 0x101809118, 0x10056e5b4, 0x1004aa334],&#xA;    }&#xA;    CA certificates not found in test-guard/certs/pki. Run `guard init ca`&#xA;occurred&#xA;/Users/tamal/go/src/go.kubeguard.dev/guard/test/e2e/installer_test.go:137</failure>
          <system-out>�[1mSTEP�[0m: Setting up certificates&#xA;�[1mSTEP�[0m: Checking service Deleted. service name: guard&#xA;�[1mSTEP�[0m: Checking deployment Deleted. deployment name: guard&#xA;�[1mSTEP�[0m: Checking cluster role binding Deleted.&#xA;�[1mSTEP�[0m: Checking cluster role Deleted.&#xA;�[1mSTEP�[0m: Checking pod Deleted.&#xA;�[1mSTEP�[0m: Checking secret Deleted. secret name: guard-pki&#xA;�[1mSTEP�[0m: Checking secret Deleted. secret name: guard-google-auth&#xA;�[1mSTEP�[0m: Validate installer flag options&#xA;�[1mSTEP�[0m: Generating installer yaml&#xA;</system-out>
      </testcase>
      <testcase name="Installer test Setting up guard for all providers Set up guard for all providers should be successful" classname="e2e Suite" time="1.6044374590000001">
          <failure type="Failure">/Users/tamal/go/src/go.kubeguard.dev/guard/test/e2e/installer_test.go:579&#xA;Unexpected error:&#xA;    &lt;errors.aggregate | len:1, cap:1&gt;: [&#xA;        &lt;*errors.fundamental | 0x140006e80c0&gt;{&#xA;            msg: &#34;invalid azure.auth-mode. valid value is either aks, obo, client-credential or passthrough&#34;,&#xA;            stack: [0x10176b5b5, 0x101807048, 0x10181028c, 0x10180a488, 0x10157f180, 0x10157ecfc, 0x10157e078, 0x101583b34, 0x1015835e0, 0x10158dd38, 0x10158dac0, 0x10158d2c8, 0x10158f52c, 0x10159b1f4, 0x10159b000, 0x101809118, 0x10056e5b4, 0x1004aa334],&#xA;        },&#xA;    ]&#xA;    invalid azure.auth-mode. valid value is either aks, obo, client-credential or passthrough&#xA;occurred&#xA;/Users/tamal/go/src/go.kubeguard.dev/guard/test/e2e/installer_test.go:133</failure>
          <system-out>�[1mSTEP�[0m: Setting up certificates&#xA;�[1mSTEP�[0m: Checking service Deleted. service name: guard&#xA;�[1mSTEP�[0m: Checking deployment Deleted. deployment name: guard&#xA;�[1mSTEP�[0m: Checking cluster role binding Deleted.&#xA;�[1mSTEP�[0m: Checking cluster role Deleted.&#xA;�[1mSTEP�[0m: Checking pod Deleted.&#xA;�[1mSTEP�[0m: Checking secret Deleted. secret name: guard-pki&#xA;�[1mSTEP�[0m: Checking secret Deleted. secret name: guard-azure-auth&#xA;�[1mSTEP�[0m: Checking secret Deleted. secret name: guard-ldap-auth&#xA;�[1mSTEP�[0m: Checking secret Deleted. secret name: guard-token-auth&#xA;�[1mSTEP�[0m: Checking secret Deleted. secret name: guard-google-auth&#xA;�[1mSTEP�[0m: Validate installer flag options&#xA;</system-out>
      </testcase>
  </testsuite>